<?xml version="1.0" encoding="UTF-8"?>
<testng-results skipped="0" failed="0" ignored="0" total="5" passed="5">
  <reporter-output>
  </reporter-output>
  <suite name="Parameterization Test Suite" duration-ms="62" started-at="2020-02-19T13:26:44Z" finished-at="2020-02-19T13:26:44Z">
    <groups>
    </groups>
    <test name="Testing Parameterization" duration-ms="62" started-at="2020-02-19T13:26:44Z" finished-at="2020-02-19T13:26:44Z">
      <class name="validation.ValidateSAPhoneNumberTest">
        <test-method status="PASS" signature="verifyValidSAPhoneNumber(java.lang.String)[pri:0, instance:validation.ValidateSAPhoneNumberTest@58651fd0]" name="verifyValidSAPhoneNumber" duration-ms="16" started-at="2020-02-19T13:26:44Z" finished-at="2020-02-19T13:26:44Z">
          <params>
            <param index="0">
              <value>
                <![CDATA[0658409411]]>
              </value>
            </param>
          </params>
          <reporter-output>
          </reporter-output>
        </test-method> <!-- verifyValidSAPhoneNumber -->
        <test-method status="PASS" signature="verifyNonSAPhoneNumber(java.lang.String)[pri:1, instance:validation.ValidateSAPhoneNumberTest@58651fd0]" name="verifyNonSAPhoneNumber" duration-ms="3" started-at="2020-02-19T13:26:44Z" finished-at="2020-02-19T13:26:44Z">
          <params>
            <param index="0">
              <value>
                <![CDATA[+913423546443]]>
              </value>
            </param>
          </params>
          <reporter-output>
          </reporter-output>
        </test-method> <!-- verifyNonSAPhoneNumber -->
        <test-method status="PASS" signature="verifyInvalidSAPhoneNumberWithSpaces(java.lang.String)[pri:2, instance:validation.ValidateSAPhoneNumberTest@58651fd0]" name="verifyInvalidSAPhoneNumberWithSpaces" duration-ms="0" started-at="2020-02-19T13:26:44Z" finished-at="2020-02-19T13:26:44Z">
          <params>
            <param index="0">
              <value>
                <![CDATA[065 840 9411]]>
              </value>
            </param>
          </params>
          <reporter-output>
          </reporter-output>
        </test-method> <!-- verifyInvalidSAPhoneNumberWithSpaces -->
        <test-method status="PASS" signature="verifyInvalidSAPhoneNumberCharacters(java.lang.String)[pri:3, instance:validation.ValidateSAPhoneNumberTest@58651fd0]" name="verifyInvalidSAPhoneNumberCharacters" duration-ms="1" started-at="2020-02-19T13:26:44Z" finished-at="2020-02-19T13:26:44Z">
          <params>
            <param index="0">
              <value>
                <![CDATA[06584094yy]]>
              </value>
            </param>
          </params>
          <reporter-output>
          </reporter-output>
        </test-method> <!-- verifyInvalidSAPhoneNumberCharacters -->
        <test-method status="PASS" signature="verifyinvalidSAPhoneNumberWithMoreThanTesnDigits(java.lang.String)[pri:3, instance:validation.ValidateSAPhoneNumberTest@58651fd0]" name="verifyinvalidSAPhoneNumberWithMoreThanTesnDigits" duration-ms="1" started-at="2020-02-19T13:26:44Z" finished-at="2020-02-19T13:26:44Z">
          <params>
            <param index="0">
              <value>
                <![CDATA[0658409411022]]>
              </value>
            </param>
          </params>
          <reporter-output>
          </reporter-output>
        </test-method> <!-- verifyinvalidSAPhoneNumberWithMoreThanTesnDigits -->
      </class> <!-- validation.ValidateSAPhoneNumberTest -->
    </test> <!-- Testing Parameterization -->
  </suite> <!-- Parameterization Test Suite -->
</testng-results>
